<?xml version="1.0" encoding="UTF-8"?>
<!-- Generated by org.testng.reporters.JUnitReportReporter -->
<testsuite skipped="0" hostname="DESKTOP-L0UKPJR" name="testCases.SelectClassExampleTest" tests="3" failures="0" timestamp="2021-07-08T19:53:43 MESZ" time="0.289" errors="0">
  <testcase name="selectBmwTest" time="0.054" classname="testCases.SelectClassExampleTest"/>
  <system-out/>
  <testcase name="selectBenzTest" time="0.127" classname="testCases.SelectClassExampleTest"/>
  <system-out/>
  <testcase name="selectHondaTest" time="0.108" classname="testCases.SelectClassExampleTest"/>
  <system-out/>
</testsuite> <!-- testCases.SelectClassExampleTest -->
