<?xml version="1.0" encoding="UTF-8"?>
<!-- Generated by org.testng.reporters.JUnitReportReporter -->
<testsuite skipped="0" hostname="DESKTOP-L0UKPJR" name="testCases.ScreenShotTest" tests="1" failures="0" timestamp="2021-07-27T20:26:10 MESZ" time="10.443" errors="0">
  <testcase name="screenshotTest" time="10.443" classname="testCases.ScreenShotTest"/>
  <system-out/>
</testsuite> <!-- testCases.ScreenShotTest -->
