<?xml version="1.0" encoding="UTF-8"?>
<!-- Generated by org.testng.reporters.JUnitReportReporter -->
<testsuite skipped="0" hostname="DESKTOP-L0UKPJR" name="testCases.WaitImplExpl" tests="1" failures="0" timestamp="2021-07-25T23:36:28 MESZ" time="21.062" errors="0">
  <testcase name="startButtonTest" time="21.062" classname="testCases.WaitImplExpl"/>
  <system-out/>
</testsuite> <!-- testCases.WaitImplExpl -->
